Compiled bootstrap-alert.js  (0ms)  (pid 1480)
Compiled bootstrap-collapse.js  (0ms)  (pid 1480)
Compiled application.js  (9ms)  (pid 1480)
Compiled bootstrap.css  (0ms)  (pid 1480)
Compiled bootstrap-responsive.css  (0ms)  (pid 1480)
Compiled screen.css  (0ms)  (pid 1480)
Compiled application.css  (17ms)  (pid 1480)
Compiled bootstrap-alert.js  (0ms)  (pid 1480)
Compiled bootstrap-collapse.js  (0ms)  (pid 1480)
Compiled application.js  (11ms)  (pid 1480)
Compiled bootstrap.css  (2ms)  (pid 1480)
Compiled bootstrap-responsive.css  (0ms)  (pid 1480)
Compiled screen.css  (0ms)  (pid 1480)
Compiled application.css  (20ms)  (pid 1480)
Compiled bootstrap-alert.js  (0ms)  (pid 1627)
Compiled bootstrap-collapse.js  (0ms)  (pid 1627)
Compiled application.js  (10ms)  (pid 1627)
Compiled bootstrap.css  (0ms)  (pid 1627)
Compiled bootstrap-responsive.css  (0ms)  (pid 1627)
Compiled screen.css  (0ms)  (pid 1627)
Compiled application.css  (22ms)  (pid 1627)
Compiled bootstrap-alert.js  (0ms)  (pid 1627)
Compiled bootstrap-collapse.js  (0ms)  (pid 1627)
Compiled application.js  (10ms)  (pid 1627)
Compiled bootstrap.css  (0ms)  (pid 1627)
Compiled bootstrap-responsive.css  (0ms)  (pid 1627)
Compiled screen.css  (0ms)  (pid 1627)
Compiled application.css  (18ms)  (pid 1627)
Compiled bootstrap-alert.js  (0ms)  (pid 2253)
Compiled bootstrap-collapse.js  (0ms)  (pid 2253)
Compiled collections/todo_items.js  (0ms)  (pid 2253)
Compiled models/todo_item.js  (0ms)  (pid 2253)
Compiled router.js  (0ms)  (pid 2253)
Compiled views/todo_view.js  (0ms)  (pid 2253)
Compiled views/todos_view.js  (0ms)  (pid 2253)
Compiled application.js  (30ms)  (pid 2253)
Compiled bootstrap.css  (1ms)  (pid 2253)
Compiled bootstrap-responsive.css  (0ms)  (pid 2253)
Compiled screen.css  (0ms)  (pid 2253)
Compiled application.css  (19ms)  (pid 2253)
Compiled bootstrap-alert.js  (0ms)  (pid 2253)
Compiled bootstrap-collapse.js  (0ms)  (pid 2253)
Compiled collections/todo_items.js  (0ms)  (pid 2253)
Compiled models/todo_item.js  (0ms)  (pid 2253)
Compiled router.js  (0ms)  (pid 2253)
Compiled views/todo_view.js  (0ms)  (pid 2253)
Compiled views/todos_view.js  (0ms)  (pid 2253)
Compiled application.js  (31ms)  (pid 2253)
Compiled bootstrap.css  (1ms)  (pid 2253)
Compiled bootstrap-responsive.css  (0ms)  (pid 2253)
Compiled screen.css  (0ms)  (pid 2253)
Compiled application.css  (18ms)  (pid 2253)
Compiled bootstrap-alert.js  (0ms)  (pid 2300)
Compiled bootstrap-collapse.js  (0ms)  (pid 2300)
Compiled collections/todo_items.js  (0ms)  (pid 2300)
Compiled models/todo_item.js  (0ms)  (pid 2300)
Compiled router.js  (0ms)  (pid 2300)
Compiled views/todo_view.js  (0ms)  (pid 2300)
Compiled views/todos_view.js  (0ms)  (pid 2300)
Compiled application.js  (28ms)  (pid 2300)
Compiled bootstrap.css  (0ms)  (pid 2300)
Compiled bootstrap-responsive.css  (0ms)  (pid 2300)
Compiled screen.css  (0ms)  (pid 2300)
Compiled application.css  (18ms)  (pid 2300)
Compiled bootstrap-alert.js  (0ms)  (pid 2300)
Compiled bootstrap-collapse.js  (0ms)  (pid 2300)
Compiled collections/todo_items.js  (0ms)  (pid 2300)
Compiled models/todo_item.js  (0ms)  (pid 2300)
Compiled router.js  (0ms)  (pid 2300)
Compiled views/todo_view.js  (0ms)  (pid 2300)
Compiled views/todos_view.js  (0ms)  (pid 2300)
Compiled application.js  (26ms)  (pid 2300)
Compiled bootstrap.css  (1ms)  (pid 2300)
Compiled bootstrap-responsive.css  (0ms)  (pid 2300)
Compiled screen.css  (0ms)  (pid 2300)
Compiled application.css  (19ms)  (pid 2300)
Compiled jquery.js  (45ms)  (pid 2537)
Compiled jquery_ujs.js  (0ms)  (pid 2537)
Compiled json2.js  (1ms)  (pid 2537)
Compiled underscore.js  (1ms)  (pid 2537)
Compiled backbone.js  (1ms)  (pid 2537)
Compiled backbone-rails.js  (18ms)  (pid 2537)
Compiled bootstrap-alert.js  (0ms)  (pid 2537)
Compiled bootstrap-collapse.js  (0ms)  (pid 2537)
Compiled models/todo_item.js  (0ms)  (pid 2537)
Compiled collections/todo_items.js  (0ms)  (pid 2537)
Compiled views/todo_view.js  (0ms)  (pid 2537)
Compiled views/todos_view.js  (0ms)  (pid 2537)
Compiled router.js  (0ms)  (pid 2537)
Compiled start.js  (0ms)  (pid 2537)
Compiled application.js  (123ms)  (pid 2537)
Compiled bootstrap.css  (0ms)  (pid 2537)
Compiled bootstrap-responsive.css  (0ms)  (pid 2537)
Compiled screen.css  (0ms)  (pid 2537)
Compiled application.css  (17ms)  (pid 2537)
Compiled jquery.js  (44ms)  (pid 2537)
Compiled jquery_ujs.js  (0ms)  (pid 2537)
Compiled json2.js  (1ms)  (pid 2537)
Compiled underscore.js  (1ms)  (pid 2537)
Compiled backbone.js  (2ms)  (pid 2537)
Compiled backbone-rails.js  (23ms)  (pid 2537)
Compiled bootstrap-alert.js  (0ms)  (pid 2537)
Compiled bootstrap-collapse.js  (0ms)  (pid 2537)
Compiled models/todo_item.js  (0ms)  (pid 2537)
Compiled collections/todo_items.js  (0ms)  (pid 2537)
Compiled views/todo_view.js  (0ms)  (pid 2537)
Compiled views/todos_view.js  (0ms)  (pid 2537)
Compiled router.js  (0ms)  (pid 2537)
Compiled start.js  (0ms)  (pid 2537)
Compiled application.js  (121ms)  (pid 2537)
Compiled bootstrap.css  (0ms)  (pid 2537)
Compiled bootstrap-responsive.css  (0ms)  (pid 2537)
Compiled screen.css  (0ms)  (pid 2537)
Compiled application.css  (14ms)  (pid 2537)
Compiled jquery.js  (2ms)  (pid 5496)
Compiled jquery_ujs.js  (0ms)  (pid 5496)
Compiled json2.js  (1ms)  (pid 5496)
Compiled underscore.js  (0ms)  (pid 5496)
Compiled backbone.js  (0ms)  (pid 5496)
Compiled backbone-rails.js  (30ms)  (pid 5496)
Compiled bootstrap-alert.js  (0ms)  (pid 5496)
Compiled bootstrap-collapse.js  (0ms)  (pid 5496)
Compiled models/todo_item.js  (0ms)  (pid 5496)
Compiled collections/todo_items.js  (0ms)  (pid 5496)
Compiled views/todo_view.js  (0ms)  (pid 5496)
Compiled views/todos_view.js  (0ms)  (pid 5496)
Compiled router.js  (0ms)  (pid 5496)
Compiled start.js  (0ms)  (pid 5496)
Compiled application.js  (186ms)  (pid 5496)
Compiled bootstrap.css  (0ms)  (pid 5496)
Compiled bootstrap-responsive.css  (0ms)  (pid 5496)
Compiled screen.css  (0ms)  (pid 5496)
Compiled application.css  (20ms)  (pid 5496)
Compiled jquery.js  (2ms)  (pid 5496)
Compiled jquery_ujs.js  (0ms)  (pid 5496)
Compiled json2.js  (1ms)  (pid 5496)
Compiled underscore.js  (0ms)  (pid 5496)
Compiled backbone.js  (2ms)  (pid 5496)
Compiled backbone-rails.js  (26ms)  (pid 5496)
Compiled bootstrap-alert.js  (0ms)  (pid 5496)
Compiled bootstrap-collapse.js  (0ms)  (pid 5496)
Compiled models/todo_item.js  (0ms)  (pid 5496)
Compiled collections/todo_items.js  (0ms)  (pid 5496)
Compiled views/todo_view.js  (0ms)  (pid 5496)
Compiled views/todos_view.js  (0ms)  (pid 5496)
Compiled router.js  (0ms)  (pid 5496)
Compiled start.js  (0ms)  (pid 5496)
Compiled application.js  (184ms)  (pid 5496)
Compiled bootstrap.css  (0ms)  (pid 5496)
Compiled bootstrap-responsive.css  (0ms)  (pid 5496)
Compiled screen.css  (0ms)  (pid 5496)
Compiled application.css  (21ms)  (pid 5496)
